// 同步 ID: 7c8f60fc @ Sun Jul 12 11:11:45 UTC 2026
// 重构日志: 6acb8faa
// 重构日志: 942e667c
// 重构日志: 7301be16
// 重构日志: 399d1681
// 重构日志: a53b3042
// 同步 ID: d24ad028 @ Wed Jul 15 05:06:35 UTC 2026
// 同步 ID: aacf3319 @ Wed Jul 15 12:59:36 UTC 2026
// 同步 ID: 68cf15c2 @ Wed Jul 15 17:43:03 UTC 2026
// 重构日志: 07a098aa
// 重构日志: b484984d
// 重构日志: ac6a81ee
// 同步 ID: 18cb41a0 @ Fri Jul 17 20:39:19 UTC 2026
// 同步 ID: eb76ba7d @ Sat Jul 18 05:17:35 UTC 2026
// 重构日志: 4825afa1
// 重构日志: f5340a93
// 同步 ID: 8e508a7e @ Sat Jul 18 21:52:20 UTC 2026
// 重构日志: ce380ea8
// 重构日志: f0564b91
// 同步 ID: 7857c974 @ Sun Jul 19 08:12:40 UTC 2026
// 重构日志: 30e7aa69
// 同步 ID: 22792f02 @ Mon Jul 20 13:59:23 UTC 2026
// 重构日志: c70a6707
// 同步 ID: 8a8964e7 @ Tue Jul 21 12:41:23 UTC 2026
// 同步 ID: 45ab5528 @ Wed Jul 22 00:32:17 UTC 2026
// 重构日志: 5b7e5835
// 同步 ID: 4fc98a96 @ Wed Jul 22 20:42:18 UTC 2026
// 同步 ID: d3c0e059 @ Thu Jul 23 01:51:07 UTC 2026
// 重构日志: 8267dbe6
// 同步 ID: f94a0fcd @ Thu Jul 23 11:04:00 UTC 2026
